2025-08-19 10:40:16.499 | INFO     | __main__:main:41 - Downloading race video for code: 194367
2025-08-19 10:40:18.646 | INFO     | src.video_scraper:get_video_info:38 - Fetching race info for code: 194367
2025-08-19 10:40:25.486 | INFO     | src.video_scraper:download_video:115 - Downloading video for race 194367
2025-08-19 10:40:29.973 | SUCCESS  | src.video_scraper:download_video:117 - Downloaded video to: data/videos/race_194367.mp4
2025-08-19 10:40:29.974 | INFO     | src.video_scraper:scrape_race:151 - Saved metadata to: data/videos/race_194367.json
2025-08-19 10:40:30.039 | INFO     | __main__:main:58 - Processing video...
2025-08-19 10:40:41.976 | INFO     | src.horse_detector:__init__:27 - Using pretrained YOLOv8x model
2025-08-19 10:40:41.977 | INFO     | src.video_processor:process_video:31 - Processing video: data/videos/race_194367.mp4
2025-08-19 10:40:41.985 | INFO     | src.video_processor:process_video:40 - Video info: 864x486, 25 fps, 4422 frames
2025-08-19 10:41:35.489 | DEBUG    | src.video_processor:process_video:75 - Processed 100/4422 frames
2025-08-19 10:42:30.805 | DEBUG    | src.video_processor:process_video:75 - Processed 200/4422 frames
2025-08-19 10:43:27.097 | DEBUG    | src.video_processor:process_video:75 - Processed 300/4422 frames
2025-08-19 10:44:23.665 | DEBUG    | src.video_processor:process_video:75 - Processed 400/4422 frames
2025-08-19 10:45:17.033 | DEBUG    | src.video_processor:process_video:75 - Processed 500/4422 frames
2025-08-19 10:46:08.874 | DEBUG    | src.video_processor:process_video:75 - Processed 600/4422 frames
2025-08-19 10:47:05.398 | DEBUG    | src.video_processor:process_video:75 - Processed 700/4422 frames
2025-08-19 10:48:01.798 | DEBUG    | src.video_processor:process_video:75 - Processed 800/4422 frames
2025-08-19 10:48:55.830 | DEBUG    | src.video_processor:process_video:75 - Processed 900/4422 frames
2025-08-19 10:49:44.341 | DEBUG    | src.video_processor:process_video:75 - Processed 1000/4422 frames
2025-08-19 10:50:30.753 | DEBUG    | src.video_processor:process_video:75 - Processed 1100/4422 frames
2025-08-19 10:51:14.863 | DEBUG    | src.video_processor:process_video:75 - Processed 1200/4422 frames
2025-08-19 10:51:58.161 | DEBUG    | src.video_processor:process_video:75 - Processed 1300/4422 frames
2025-08-19 10:52:40.171 | DEBUG    | src.video_processor:process_video:75 - Processed 1400/4422 frames
2025-08-19 10:53:23.708 | DEBUG    | src.video_processor:process_video:75 - Processed 1500/4422 frames
2025-08-19 10:54:08.544 | DEBUG    | src.video_processor:process_video:75 - Processed 1600/4422 frames
2025-08-19 10:54:54.643 | DEBUG    | src.video_processor:process_video:75 - Processed 1700/4422 frames
2025-08-19 10:55:46.613 | DEBUG    | src.video_processor:process_video:75 - Processed 1800/4422 frames
2025-08-19 10:56:43.645 | DEBUG    | src.video_processor:process_video:75 - Processed 1900/4422 frames
2025-08-19 10:57:42.065 | DEBUG    | src.video_processor:process_video:75 - Processed 2000/4422 frames
2025-08-19 10:58:38.011 | DEBUG    | src.video_processor:process_video:75 - Processed 2100/4422 frames
2025-08-19 10:59:28.104 | DEBUG    | src.video_processor:process_video:75 - Processed 2200/4422 frames
2025-08-19 11:00:17.642 | DEBUG    | src.video_processor:process_video:75 - Processed 2300/4422 frames
2025-08-19 11:01:08.884 | DEBUG    | src.video_processor:process_video:75 - Processed 2400/4422 frames
2025-08-19 11:01:56.466 | DEBUG    | src.video_processor:process_video:75 - Processed 2500/4422 frames
2025-08-19 11:02:44.028 | DEBUG    | src.video_processor:process_video:75 - Processed 2600/4422 frames
2025-08-19 11:03:34.412 | DEBUG    | src.video_processor:process_video:75 - Processed 2700/4422 frames
2025-08-19 11:04:34.139 | DEBUG    | src.video_processor:process_video:75 - Processed 2800/4422 frames
2025-08-19 11:05:32.700 | DEBUG    | src.video_processor:process_video:75 - Processed 2900/4422 frames
